Tue Feb 11 16:35:00 UTC 2025 - Backup script started
Tue Feb 11 16:35:00 UTC 2025 - No backup found, initiating a new backup...
Tue Feb 11 16:35:00 UTC 2025 - Copying secrets file to temporary directory
Tue Feb 11 16:35:00 UTC 2025 - Compressing secrets file and moving it to backup directory
Tue Feb 11 16:35:00 UTC 2025 - Backup done
Tue Feb 11 16:35:00 UTC 2025 - Removing temporary directory
Tue Feb 11 16:35:00 UTC 2025 - Temporary directory cleared
Tue Mar 25 08:15:01 UTC 2025 - Backup script started
Tue Mar 25 08:15:01 UTC 2025 - No new backup needed, exiting
Tue Mar 25 08:20:01 UTC 2025 - Backup script started
Tue Mar 25 08:20:01 UTC 2025 - No new backup needed, exiting
Tue Mar 25 08:25:01 UTC 2025 - Backup script started
Tue Mar 25 08:25:01 UTC 2025 - No new backup needed, exiting
Tue Mar 25 08:30:01 UTC 2025 - Backup script started
Tue Mar 25 08:30:01 UTC 2025 - No new backup needed, exiting
Tue Mar 25 08:35:01 UTC 2025 - Backup script started
Tue Mar 25 08:35:01 UTC 2025 - No new backup needed, exiting
Tue Mar 25 08:40:01 UTC 2025 - Backup script started
Tue Mar 25 08:40:01 UTC 2025 - No new backup needed, exiting
Tue Mar 25 08:45:01 UTC 2025 - Backup script started
Tue Mar 25 08:45:01 UTC 2025 - No new backup needed, exiting
Tue Mar 25 08:50:01 UTC 2025 - Backup script started
Tue Mar 25 08:50:01 UTC 2025 - No new backup needed, exiting
Tue Mar 25 08:55:01 UTC 2025 - Backup script started
Tue Mar 25 08:55:01 UTC 2025 - No new backup needed, exiting
Tue Mar 25 09:00:01 UTC 2025 - Backup script started
Tue Mar 25 09:00:01 UTC 2025 - No new backup needed, exiting
Tue Mar 25 09:05:01 UTC 2025 - Backup script started
Tue Mar 25 09:05:01 UTC 2025 - No new backup needed, exiting
Tue Mar 25 09:10:01 UTC 2025 - Backup script started
Tue Mar 25 09:10:01 UTC 2025 - No new backup needed, exiting
